This is pdfTeX, Version 3.14159265-2.6-1.40.19 (TeX Live 2018) (preloaded format=pdflatex 2018.4.16)  1 MAY 2020 00:28
entering extended mode
 restricted \write18 enabled.
 %&-line parsing enabled.
**scifile.tex
(./scifile.tex
LaTeX2e <2018-04-01> patch level 2
Babel <3.18> and hyphenation patterns for 84 language(s) loaded.
(/usr/local/texlive/2018/texmf-dist/tex/latex/base/article.cls
Document Class: article 2014/09/29 v1.4h Standard LaTeX document class
(/usr/local/texlive/2018/texmf-dist/tex/latex/base/size12.clo
File: size12.clo 2014/09/29 v1.4h Standard LaTeX file (size option)
)
\c@part=\count80
\c@section=\count81
\c@subsection=\count82
\c@subsubsection=\count83
\c@paragraph=\count84
\c@subparagraph=\count85
\c@figure=\count86
\c@table=\count87
\abovecaptionskip=\skip41
\belowcaptionskip=\skip42
\bibindent=\dimen102
) (./scicite.sty
LaTeX Info: Redefining \cite on input line 160.
LaTeX Info: Redefining \nocite on input line 227.
Package: scicite 2003/11/04  v 4.01
) (/usr/local/texlive/2018/texmf-dist/tex/latex/psnfss/times.sty
Package: times 2005/04/12 PSNFSS-v9.2a (SPQR) 
)
\c@lastnote=\count88
 (./scifile.aux)
\openout1 = `scifile.aux'.

LaTeX Font Info:    Checking defaults for OML/cmm/m/it on input line 93.
LaTeX Font Info:    ... okay on input line 93.
LaTeX Font Info:    Checking defaults for T1/cmr/m/n on input line 93.
LaTeX Font Info:    ... okay on input line 93.
LaTeX Font Info:    Checking defaults for OT1/cmr/m/n on input line 93.
LaTeX Font Info:    ... okay on input line 93.
LaTeX Font Info:    Checking defaults for OMS/cmsy/m/n on input line 93.
LaTeX Font Info:    ... okay on input line 93.
LaTeX Font Info:    Checking defaults for OMX/cmex/m/n on input line 93.
LaTeX Font Info:    ... okay on input line 93.
LaTeX Font Info:    Checking defaults for U/cmr/m/n on input line 93.
LaTeX Font Info:    ... okay on input line 93.
LaTeX Font Info:    Try loading font information for OT1+ptm on input line 93.
 (/usr/local/texlive/2018/texmf-dist/tex/latex/psnfss/ot1ptm.fd
File: ot1ptm.fd 2001/06/04 font definitions for OT1/ptm.
)
LaTeX Font Info:    External font `cmex10' loaded for size
(Font)              <14.4> on input line 101.
LaTeX Font Info:    External font `cmex10' loaded for size
(Font)              <7> on input line 101.
LaTeX Font Info:    External font `cmex10' loaded for size
(Font)              <12> on input line 101.
LaTeX Font Info:    External font `cmex10' loaded for size
(Font)              <8> on input line 101.
LaTeX Font Info:    External font `cmex10' loaded for size
(Font)              <6> on input line 101.
LaTeX Font Info:    Font shape `OT1/ptm/bx/n' in size <12> not available
(Font)              Font shape `OT1/ptm/b/n' tried instead on input line 107.
LaTeX Font Info:    Font shape `OT1/ptm/bx/it' in size <12> not available
(Font)              Font shape `OT1/ptm/b/it' tried instead on input line 108.

Overfull \hbox (1.36147pt too wide) in paragraph at lines 108--109
\OT1/ptm/b/n/12 chine learn-ing model (Bayesian Ne-towrk) for the ap-pli-ca-tio
n Med-itri-nae. How-
 []

LaTeX Font Info:    Font shape `OT1/ptm/bx/n' in size <17.28> not available
(Font)              Font shape `OT1/ptm/b/n' tried instead on input line 124.
LaTeX Font Info:    Try loading font information for OT1+pcr on input line 133.

(/usr/local/texlive/2018/texmf-dist/tex/latex/psnfss/ot1pcr.fd
File: ot1pcr.fd 2001/06/04 font definitions for OT1/pcr.
) [1

{/usr/local/texlive/2018/texmf-var/fonts/map/pdftex/updmap/pdftex.map}]

LaTeX Warning: Citation `tth' on page 2 undefined on input line 139.


LaTeX Warning: Citation `use2e' on page 2 undefined on input line 146.

[2]

LaTeX Warning: Citation `inclme' on page 3 undefined on input line 204.

LaTeX Font Info:    Try loading font information for OMS+pcr on input line 210.

(/usr/local/texlive/2018/texmf-dist/tex/latex/psnfss/omspcr.fd
File: omspcr.fd 
)
LaTeX Font Info:    Font shape `OMS/pcr/m/n' in size <12> not available
(Font)              Font shape `OMS/cmsy/m/n' tried instead on input line 210.
 [3] [4]

LaTeX Warning: Citation `nattex' on page 5 undefined on input line 266.

[5]
LaTeX Font Info:    Try loading font information for OMS+ptm on input line 297.

 (/usr/local/texlive/2018/texmf-dist/tex/latex/psnfss/omsptm.fd
File: omsptm.fd 
)
LaTeX Font Info:    Font shape `OMS/ptm/m/n' in size <12> not available
(Font)              Font shape `OMS/cmsy/m/n' tried instead on input line 297.

Overfull \hbox (30.35535pt too wide) in paragraph at lines 319--322
[]\OT1/ptm/m/n/12 From B\OT1/ptm/m/n/10.95 IB\OT1/ptm/m/n/12 T[]X users, your b
ib-li-og-ra-phy (\OT1/pcr/m/n/12 .bib\OT1/ptm/m/n/12 ) file, \OT1/ptm/m/it/12 a
nd \OT1/ptm/m/n/12 the gen-er-ated file \OT1/pcr/m/n/12 ltxfile.bbl
 []

No file scifile.bbl.
[6] [7] [8

] (./scifile.aux)

LaTeX Warning: There were undefined references.

 ) 
Here is how much of TeX's memory you used:
 448 strings out of 492649
 5440 string characters out of 6129622
 62782 words of memory out of 5000000
 4373 multiletter control sequences out of 15000+600000
 24485 words of font info for 49 fonts, out of 8000000 for 9000
 1141 hyphenation exceptions out of 8191
 22i,8n,19p,501b,278s stack positions out of 5000i,500n,10000p,200000b,80000s
{/usr/local/texlive/2018/texmf-dist/fonts/enc/dvips/base/8r.enc}</usr/local/t
exlive/2018/texmf-dist/fonts/type1/public/amsfonts/cm/cmmi12.pfb></usr/local/te
xlive/2018/texmf-dist/fonts/type1/public/amsfonts/cm/cmmi8.pfb></usr/local/texl
ive/2018/texmf-dist/fonts/type1/public/amsfonts/cm/cmr10.pfb></usr/local/texliv
e/2018/texmf-dist/fonts/type1/public/amsfonts/cm/cmr12.pfb></usr/local/texlive/
2018/texmf-dist/fonts/type1/public/amsfonts/cm/cmr8.pfb></usr/local/texlive/201
8/texmf-dist/fonts/type1/public/amsfonts/cm/cmsy10.pfb></usr/local/texlive/2018
/texmf-dist/fonts/type1/public/amsfonts/cm/cmsy8.pfb></usr/local/texlive/2018/t
exmf-dist/fonts/type1/urw/courier/ucrr8a.pfb></usr/local/texlive/2018/texmf-dis
t/fonts/type1/urw/times/utmb8a.pfb></usr/local/texlive/2018/texmf-dist/fonts/ty
pe1/urw/times/utmbi8a.pfb></usr/local/texlive/2018/texmf-dist/fonts/type1/urw/t
imes/utmr8a.pfb></usr/local/texlive/2018/texmf-dist/fonts/type1/urw/times/utmri
8a.pfb>
Output written on scifile.pdf (8 pages, 132595 bytes).
PDF statistics:
 80 PDF objects out of 1000 (max. 8388607)
 57 compressed objects within 1 object stream
 0 named destinations out of 1000 (max. 500000)
 1 words of extra memory for PDF output out of 10000 (max. 10000000)

